<?xml version="1.0" encoding="UTF-8"?>
<testng-results ignored="0" total="1" passed="1" failed="0" skipped="0">
  <reporter-output>
  </reporter-output>
  <suite started-at="2024-11-11T03:59:59Z" name="Default suite" finished-at="2024-11-11T04:00:22Z" duration-ms="23046">
    <groups>
    </groups>
    <test started-at="2024-11-11T03:59:59Z" name="Default test" finished-at="2024-11-11T04:00:22Z" duration-ms="23046">
      <class name="appiumprj.PerformActionOnCalculator">
        <test-method signature="verifySumOnCalculator()[pri:0, instance:appiumprj.PerformActionOnCalculator@5ddcc487]" started-at="2024-11-11T03:59:59Z" name="verifySumOnCalculator" finished-at="2024-11-11T04:00:22Z" duration-ms="23005" status="PASS">
          <reporter-output>
          </reporter-output>
        </test-method> <!-- verifySumOnCalculator -->
      </class> <!-- appiumprj.PerformActionOnCalculator -->
    </test> <!-- Default test -->
  </suite> <!-- Default suite -->
</testng-results>
